<?xml version="1.0" encoding="UTF-8"?>
<testsuite xmlns:xsi="http://www.w3.org/2001/XMLSchema-instance" xsi:noNamespaceSchemaLocation="https://maven.apache.org/surefire/maven-surefire-plugin/xsd/surefire-test-report.xsd" name="TestSuite" time="22.669" tests="1" errors="0" skipped="0" failures="1">
  <properties>
[...]
</properties>
  <testcase name="dragAndDropTest" classname="com.the_internet.test.DragAndDropTests" time="5.635">
    <failure message="Expected condition failed: waiting for text (&apos;B&apos;) to be present in element Decorated {[[FirefoxDriver: firefox on windows (322d3a75-2745-43d7-a8b2-c3f7e825aa8a)] -&gt; id: column-a]} (tried for 5 second(s) with 500 milliseconds interval)&#10;Build info: version: &apos;4.26.0&apos;, revision: &apos;8ccf0219d7&apos;&#10;System info: os.name: &apos;Windows 11&apos;, os.arch: &apos;amd64&apos;, os.version: &apos;10.0&apos;, java.version: &apos;17.0.12&apos;&#10;Driver info: net.bytebuddy.renamed.java.lang.Object$ByteBuddy$ckllxWpI&#10;Capabilities {acceptInsecureCerts: true, browserName: firefox, browserVersion: 140.0, moz:accessibilityChecks: false, moz:buildID: 20250616215311, moz:debuggerAddress: 127.0.0.1:36050, moz:geckodriverVersion: 0.36.0, moz:headless: false, moz:platformVersion: 10.0, moz:processID: 20660, moz:profile: C:\Users\evgen\AppData\Loca..., moz:shutdownTimeout: 60000, moz:webdriverClick: true, moz:windowless: false, pageLoadStrategy: normal, platformName: windows, proxy: Proxy(), se:cdp: ws://127.0.0.1:36050/devtoo..., se:cdpVersion: 85.0, setWindowRect: true, strictFileInteractability: false, timeouts: {implicit: 0, pageLoad: 300000, script: 30000}, unhandledPromptBehavior: dismiss and notify, userAgent: Mozilla/5.0 (Windows NT 10....}&#10;Session ID: 322d3a75-2745-43d7-a8b2-c3f7e825aa8a" type="org.openqa.selenium.TimeoutException">org.openqa.selenium.TimeoutException: 
Expected condition failed: waiting for text ('B') to be present in element Decorated {[[FirefoxDriver: firefox on windows (322d3a75-2745-43d7-a8b2-c3f7e825aa8a)] -> id: column-a]} (tried for 5 second(s) with 500 milliseconds interval)
Build info: version: '4.26.0', revision: '8ccf0219d7'
System info: os.name: 'Windows 11', os.arch: 'amd64', os.version: '10.0', java.version: '17.0.12'
Driver info: net.bytebuddy.renamed.java.lang.Object$ByteBuddy$ckllxWpI
Capabilities {acceptInsecureCerts: true, browserName: firefox, browserVersion: 140.0, moz:accessibilityChecks: false, moz:buildID: 20250616215311, moz:debuggerAddress: 127.0.0.1:36050, moz:geckodriverVersion: 0.36.0, moz:headless: false, moz:platformVersion: 10.0, moz:processID: 20660, moz:profile: C:\Users\evgen\AppData\Loca..., moz:shutdownTimeout: 60000, moz:webdriverClick: true, moz:windowless: false, pageLoadStrategy: normal, platformName: windows, proxy: Proxy(), se:cdp: ws://127.0.0.1:36050/devtoo..., se:cdpVersion: 85.0, setWindowRect: true, strictFileInteractability: false, timeouts: {implicit: 0, pageLoad: 300000, script: 30000}, unhandledPromptBehavior: dismiss and notify, userAgent: Mozilla/5.0 (Windows NT 10....}
Session ID: 322d3a75-2745-43d7-a8b2-c3f7e825aa8a
	at com.the_internet.test.DragAndDropTests.dragAndDropTest(DragAndDropTests.java:17)
</failure>
    <system-out><![CDATA[19:36:56,124 |-INFO in ch.qos.logback.classic.LoggerContext[default] - Could NOT find resource [logback-test.xml]
19:36:56,124 |-INFO in ch.qos.logback.classic.LoggerContext[default] - Found resource [logback.xml] at [file:/C:/Tools/QA60_the_Internet/target/test-classes/logback.xml]
19:36:56,330 |-INFO in ch.qos.logback.classic.joran.action.ConfigurationAction - debug attribute not set
19:36:56,330 |-INFO in ch.qos.logback.core.joran.action.TimestampAction - Using current interpretation time, i.e. now, as time reference.
19:36:56,392 |-INFO in ch.qos.logback.core.joran.action.TimestampAction - Adding property to the context with key="bySecond" and value="16T193656" to the LOCAL scope
19:36:56,392 |-INFO in ch.qos.logback.core.joran.action.AppenderAction - About to instantiate appender of type [ch.qos.logback.core.FileAppender]
19:36:56,433 |-INFO in ch.qos.logback.core.joran.action.AppenderAction - Naming appender as [FILE]
19:36:56,470 |-INFO in ch.qos.logback.core.joran.action.NestedComplexPropertyIA - Assuming default type [ch.qos.logback.classic.encoder.PatternLayoutEncoder] for [encoder] property
19:36:56,541 |-ERROR in ch.qos.logback.core.pattern.parser.Compiler@1c72da34 - There is no conversion class registered for conversion word [kvp]
19:36:56,541 |-ERROR in ch.qos.logback.core.pattern.parser.Compiler@1c72da34 - [kvp] is not a valid conversion word
19:36:56,556 |-INFO in ch.qos.logback.core.FileAppender[FILE] - File property is set to [src/test_logs/log-16T193656.log]
19:36:56,556 |-INFO in ch.qos.logback.core.joran.action.AppenderAction - About to instantiate appender of type [ch.qos.logback.core.ConsoleAppender]
19:36:56,556 |-INFO in ch.qos.logback.core.joran.action.AppenderAction - Naming appender as [STDOUT]
19:36:56,556 |-INFO in ch.qos.logback.core.joran.action.NestedComplexPropertyIA - Assuming default type [ch.qos.logback.classic.encoder.PatternLayoutEncoder] for [encoder] property
19:36:56,556 |-ERROR in ch.qos.logback.core.pattern.parser.Compiler@6b0c2d26 - There is no conversion class registered for conversion word [kvp]
19:36:56,556 |-ERROR in ch.qos.logback.core.pattern.parser.Compiler@6b0c2d26 - [kvp] is not a valid conversion word
19:36:56,556 |-ERROR in ch.qos.logback.core.joran.spi.Interpreter@16:21 - no applicable action for [maxHistory], current ElementPath  is [[configuration][appender][maxHistory]]
19:36:56,556 |-ERROR in ch.qos.logback.core.joran.spi.Interpreter@17:23 - no applicable action for [totalSizeCap], current ElementPath  is [[configuration][appender][totalSizeCap]]
19:36:56,556 |-INFO in ch.qos.logback.classic.joran.action.RootLoggerAction - Setting level of ROOT logger to INFO
19:36:56,556 |-INFO in ch.qos.logback.core.joran.action.AppenderRefAction - Attaching appender named [STDOUT] to Logger[ROOT]
19:36:56,556 |-INFO in ch.qos.logback.core.joran.action.AppenderRefAction - Attaching appender named [FILE] to Logger[ROOT]
19:36:56,556 |-INFO in ch.qos.logback.classic.joran.action.ConfigurationAction - End of configuration.
19:36:56,556 |-INFO in ch.qos.logback.classic.joran.JoranConfigurator@3d3fcdb0 - Registering current configuration as safe fallback point

19:37:10.468 [main] INFO  com.the_internet.test.TestBase -%PARSER_ERROR[kvp]- Start test: dragAndDropTest
19:37:10.514 [main] INFO  com.the_internet.utils.MyListener -%PARSER_ERROR[kvp]- The locator will find By.xpath: //a[.='Drag and Drop']
19:37:10.514 [main] INFO  com.the_internet.utils.MyListener -%PARSER_ERROR[kvp]- *********************************
19:37:10.576 [main] INFO  com.the_internet.utils.MyListener -%PARSER_ERROR[kvp]- The locator is By.xpath: //a[.='Drag and Drop']
19:37:10.576 [main] INFO  com.the_internet.utils.MyListener -%PARSER_ERROR[kvp]- *********************************
19:37:11.149 [Forwarding actions on session 322d3a75-2745-43d7-a8b2-c3f7e825aa8a to remote] INFO  com.the_internet.utils.MyListener -%PARSER_ERROR[kvp]- The locator will find By.id: column-a
19:37:11.149 [Forwarding actions on session 322d3a75-2745-43d7-a8b2-c3f7e825aa8a to remote] INFO  com.the_internet.utils.MyListener -%PARSER_ERROR[kvp]- *********************************
19:37:11.196 [Forwarding actions on session 322d3a75-2745-43d7-a8b2-c3f7e825aa8a to remote] INFO  com.the_internet.utils.MyListener -%PARSER_ERROR[kvp]- The locator is By.id: column-a
19:37:11.196 [Forwarding actions on session 322d3a75-2745-43d7-a8b2-c3f7e825aa8a to remote] INFO  com.the_internet.utils.MyListener -%PARSER_ERROR[kvp]- *********************************
19:37:11.202 [Forwarding actions on session 322d3a75-2745-43d7-a8b2-c3f7e825aa8a to remote] INFO  com.the_internet.utils.MyListener -%PARSER_ERROR[kvp]- The locator will find By.id: column-b
19:37:11.202 [Forwarding actions on session 322d3a75-2745-43d7-a8b2-c3f7e825aa8a to remote] INFO  com.the_internet.utils.MyListener -%PARSER_ERROR[kvp]- *********************************
19:37:11.239 [Forwarding actions on session 322d3a75-2745-43d7-a8b2-c3f7e825aa8a to remote] INFO  com.the_internet.utils.MyListener -%PARSER_ERROR[kvp]- The locator is By.id: column-b
19:37:11.239 [Forwarding actions on session 322d3a75-2745-43d7-a8b2-c3f7e825aa8a to remote] INFO  com.the_internet.utils.MyListener -%PARSER_ERROR[kvp]- *********************************
19:37:11.569 [main] INFO  com.the_internet.utils.MyListener -%PARSER_ERROR[kvp]- The locator will find By.id: column-a
19:37:11.570 [main] INFO  com.the_internet.utils.MyListener -%PARSER_ERROR[kvp]- *********************************
19:37:11.618 [main] INFO  com.the_internet.utils.MyListener -%PARSER_ERROR[kvp]- The locator is By.id: column-a
19:37:11.618 [main] INFO  com.the_internet.utils.MyListener -%PARSER_ERROR[kvp]- *********************************
19:37:12.163 [main] INFO  com.the_internet.utils.MyListener -%PARSER_ERROR[kvp]- The locator will find By.id: column-a
19:37:12.163 [main] INFO  com.the_internet.utils.MyListener -%PARSER_ERROR[kvp]- *********************************
19:37:12.215 [main] INFO  com.the_internet.utils.MyListener -%PARSER_ERROR[kvp]- The locator is By.id: column-a
19:37:12.215 [main] INFO  com.the_internet.utils.MyListener -%PARSER_ERROR[kvp]- *********************************
19:37:12.740 [main] INFO  com.the_internet.utils.MyListener -%PARSER_ERROR[kvp]- The locator will find By.id: column-a
19:37:12.740 [main] INFO  com.the_internet.utils.MyListener -%PARSER_ERROR[kvp]- *********************************
19:37:12.781 [main] INFO  com.the_internet.utils.MyListener -%PARSER_ERROR[kvp]- The locator is By.id: column-a
19:37:12.782 [main] INFO  com.the_internet.utils.MyListener -%PARSER_ERROR[kvp]- *********************************
19:37:13.313 [main] INFO  com.the_internet.utils.MyListener -%PARSER_ERROR[kvp]- The locator will find By.id: column-a
19:37:13.313 [main] INFO  com.the_internet.utils.MyListener -%PARSER_ERROR[kvp]- *********************************
19:37:13.346 [main] INFO  com.the_internet.utils.MyListener -%PARSER_ERROR[kvp]- The locator is By.id: column-a
19:37:13.346 [main] INFO  com.the_internet.utils.MyListener -%PARSER_ERROR[kvp]- *********************************
19:37:13.871 [main] INFO  com.the_internet.utils.MyListener -%PARSER_ERROR[kvp]- The locator will find By.id: column-a
19:37:13.871 [main] INFO  com.the_internet.utils.MyListener -%PARSER_ERROR[kvp]- *********************************
19:37:13.904 [main] INFO  com.the_internet.utils.MyListener -%PARSER_ERROR[kvp]- The locator is By.id: column-a
19:37:13.904 [main] INFO  com.the_internet.utils.MyListener -%PARSER_ERROR[kvp]- *********************************
19:37:14.429 [main] INFO  com.the_internet.utils.MyListener -%PARSER_ERROR[kvp]- The locator will find By.id: column-a
19:37:14.429 [main] INFO  com.the_internet.utils.MyListener -%PARSER_ERROR[kvp]- *********************************
19:37:14.460 [main] INFO  com.the_internet.utils.MyListener -%PARSER_ERROR[kvp]- The locator is By.id: column-a
19:37:14.460 [main] INFO  com.the_internet.utils.MyListener -%PARSER_ERROR[kvp]- *********************************
19:37:14.985 [main] INFO  com.the_internet.utils.MyListener -%PARSER_ERROR[kvp]- The locator will find By.id: column-a
19:37:14.985 [main] INFO  com.the_internet.utils.MyListener -%PARSER_ERROR[kvp]- *********************************
19:37:15.019 [main] INFO  com.the_internet.utils.MyListener -%PARSER_ERROR[kvp]- The locator is By.id: column-a
19:37:15.019 [main] INFO  com.the_internet.utils.MyListener -%PARSER_ERROR[kvp]- *********************************
19:37:15.541 [main] INFO  com.the_internet.utils.MyListener -%PARSER_ERROR[kvp]- The locator will find By.id: column-a
19:37:15.541 [main] INFO  com.the_internet.utils.MyListener -%PARSER_ERROR[kvp]- *********************************
19:37:15.573 [main] INFO  com.the_internet.utils.MyListener -%PARSER_ERROR[kvp]- The locator is By.id: column-a
19:37:15.573 [main] INFO  com.the_internet.utils.MyListener -%PARSER_ERROR[kvp]- *********************************
19:37:16.091 [main] INFO  com.the_internet.utils.MyListener -%PARSER_ERROR[kvp]- The locator will find By.id: column-a
19:37:16.091 [main] INFO  com.the_internet.utils.MyListener -%PARSER_ERROR[kvp]- *********************************
19:37:16.107 [main] INFO  com.the_internet.utils.MyListener -%PARSER_ERROR[kvp]- The locator is By.id: column-a
19:37:16.107 [main] INFO  com.the_internet.utils.MyListener -%PARSER_ERROR[kvp]- *********************************
19:37:16.639 [main] INFO  com.the_internet.utils.MyListener -%PARSER_ERROR[kvp]- The locator will find By.id: column-a
19:37:16.639 [main] INFO  com.the_internet.utils.MyListener -%PARSER_ERROR[kvp]- *********************************
19:37:16.671 [main] INFO  com.the_internet.utils.MyListener -%PARSER_ERROR[kvp]- The locator is By.id: column-a
19:37:16.671 [main] INFO  com.the_internet.utils.MyListener -%PARSER_ERROR[kvp]- *********************************
19:37:16.689 [main] INFO  com.the_internet.utils.MyListener -%PARSER_ERROR[kvp]- The locator will find By.id: column-a
19:37:16.689 [main] INFO  com.the_internet.utils.MyListener -%PARSER_ERROR[kvp]- *********************************
19:37:16.720 [main] INFO  com.the_internet.utils.MyListener -%PARSER_ERROR[kvp]- The locator is By.id: column-a
19:37:16.720 [main] INFO  com.the_internet.utils.MyListener -%PARSER_ERROR[kvp]- *********************************
]]></system-out>
  </testcase>
</testsuite>