<?xml version="1.0" encoding="UTF-8"?>
<!-- Generated by org.testng.reporters.JUnitXMLReporter -->
<testsuite ignored="0" hostname="WINDOWS-5CUU06H" failures="1" tests="1" name="drag" time="21.293" errors="0" timestamp="2025-07-16T19:37:18 CEST">
  <testcase classname="com.the_internet.test.DragAndDropTests" name="dragAndDropTest" time="5.602">
    <failure type="org.openqa.selenium.TimeoutException" message="Expected condition failed: waiting for text (&amp;apos;B&amp;apos;) to be present in element Decorated {[[FirefoxDriver: firefox on windows (322d3a75-2745-43d7-a8b2-c3f7e825aa8a)] -&amp;gt; id: column-a]} (tried for 5 second(s) with 500 milliseconds interval)
Build info: version: &amp;apos;4.26.0&amp;apos;, revision: &amp;apos;8ccf0219d7&amp;apos;
System info: os.name: &amp;apos;Windows 11&amp;apos;, os.arch: &amp;apos;amd64&amp;apos;, os.version: &amp;apos;10.0&amp;apos;, java.version: &amp;apos;17.0.12&amp;apos;
Driver info: net.bytebuddy.renamed.java.lang.Object$ByteBuddy$ckllxWpI
Capabilities {acceptInsecureCerts: true, browserName: firefox, browserVersion: 140.0, moz:accessibilityChecks: false, moz:buildID: 20250616215311, moz:debuggerAddress: 127.0.0.1:36050, moz:geckodriverVersion: 0.36.0, moz:headless: false, moz:platformVersion: 10.0, moz:processID: 20660, moz:profile: C:\Users\evgen\AppData\Loca..., moz:shutdownTimeout: 60000, moz:webdriverClick: true, moz:windowless: false, pageLoadStrategy: normal, platformName: windows, proxy: Proxy(), se:cdp: ws://127.0.0.1:36050/devtoo..., se:cdpVersion: 85.0, setWindowRect: true, strictFileInteractability: false, timeouts: {implicit: 0, pageLoad: 300000, script: 30000}, unhandledPromptBehavior: dismiss and notify, userAgent: Mozilla/5.0 (Windows NT 10....}
Session ID: 322d3a75-2745-43d7-a8b2-c3f7e825aa8a">
      <![CDATA[org.openqa.selenium.TimeoutException: Expected condition failed: waiting for text ('B') to be present in element Decorated {[[FirefoxDriver: firefox on windows (322d3a75-2745-43d7-a8b2-c3f7e825aa8a)] -> id: column-a]} (tried for 5 second(s) with 500 milliseconds interval)
Build info: version: '4.26.0', revision: '8ccf0219d7'
System info: os.name: 'Windows 11', os.arch: 'amd64', os.version: '10.0', java.version: '17.0.12'
Driver info: net.bytebuddy.renamed.java.lang.Object$ByteBuddy$ckllxWpI
Capabilities {acceptInsecureCerts: true, browserName: firefox, browserVersion: 140.0, moz:accessibilityChecks: false, moz:buildID: 20250616215311, moz:debuggerAddress: 127.0.0.1:36050, moz:geckodriverVersion: 0.36.0, moz:headless: false, moz:platformVersion: 10.0, moz:processID: 20660, moz:profile: C:\Users\evgen\AppData\Loca..., moz:shutdownTimeout: 60000, moz:webdriverClick: true, moz:windowless: false, pageLoadStrategy: normal, platformName: windows, proxy: Proxy(), se:cdp: ws://127.0.0.1:36050/devtoo..., se:cdpVersion: 85.0, setWindowRect: true, strictFileInteractability: false, timeouts: {implicit: 0, pageLoad: 300000, script: 30000}, unhandledPromptBehavior: dismiss and notify, userAgent: Mozilla/5.0 (Windows NT 10....}
Session ID: 322d3a75-2745-43d7-a8b2-c3f7e825aa8a
at org.openqa.selenium.support.ui.WebDriverWait.timeoutException(WebDriverWait.java:84)
at org.openqa.selenium.support.ui.FluentWait.until(FluentWait.java:228)
at com.the_internet.pages.BasePage.shouldHaveText(BasePage.java:52)
at com.the_internet.pages.DragAndDropPage.verifyColumnAHasTextB(DragAndDropPage.java:26)
at com.the_internet.test.DragAndDropTests.dragAndDropTest(DragAndDropTests.java:17)
at java.base/java.util.ArrayList.forEach(ArrayList.java:1511)
... Removed 31 stack frames]]>
    </failure>
  </testcase> <!-- dragAndDropTest -->
</testsuite> <!-- drag -->
